Library/Bee/Android/Prj/Mono2x/Gradle/launcher/build/intermediates/aapt_proguard_file/release/aapt_rules.txt
-keep class com.unity3d.player.UnityPlayerActivity { <init>(); }