Library/Bee/Android/Prj/Mono2x/Gradle/launcher/build/outputs/mapping/release/seeds.txt
com.DefaultCompany.NewUnityProject.R$id: int unitySurfaceView
com.DefaultCompany.NewUnityProject.R$mipmap: int app_icon
com.DefaultCompany.NewUnityProject.R$mipmap: int app_icon_round
com.DefaultCompany.NewUnityProject.R$string: int FreeformWindowOrientation_landscape
com.DefaultCompany.NewUnityProject.R$string: int FreeformWindowOrientation_portrait
com.DefaultCompany.NewUnityProject.R$string: int FreeformWindowSize_maximize
com.DefaultCompany.NewUnityProject.R$string: int FreeformWindowSize_phone
com.DefaultCompany.NewUnityProject.R$string: int FreeformWindowSize_tablet
com.DefaultCompany.NewUnityProject.R$string: int app_name
com.DefaultCompany.NewUnityProject.R$string: int game_view_content_description
com.DefaultCompany.NewUnityProject.R$style: int BaseUnityTheme
com.DefaultCompany.NewUnityProject.R$style: int UnityThemeSelector
com.DefaultCompany.NewUnityProject.R$style: int UnityThemeSelector_Translucent
...
com.unity3d.player.a$e$a
com.unity3d.player.a$e$a: com.unity3d.player.IAssetPackManagerStatusQueryCallback a
com.unity3d.player.a$e$a: long b
com.unity3d.player.a$e$a: java.lang.String[] c
com.unity3d.player.a$e$a: int[] d
com.unity3d.player.a$e$a: int[] e
com.unity3d.player.a$e$a: a$e$a(com.unity3d.player.IAssetPackManagerStatusQueryCallback,long,java.lang.String[],int[],int[])
com.unity3d.player.a$e$a: void run()
com.unity3d.player.b
com.unity3d.player.b: android.content.Context a
com.unity3d.player.b: android.media.AudioManager b
com.unity3d.player.b: com.unity3d.player.b$a c
com.unity3d.player.b: b(android.content.Context)
com.unity3d.player.b: void a(com.unity3d.player.b$b)
com.unity3d.player.b: void a()
com.unity3d.player.b$a
com.unity3d.player.b$a: com.unity3d.player.b$b b
com.unity3d.player.b$a: android.media.AudioManager c
com.unity3d.player.b$a: int d
com.unity3d.player.b$a: int e
com.unity3d.player.b$a: com.unity3d.player.b a
com.unity3d.player.b$a: b$a(com.unity3d.player.b,android.os.Handler,android.media.AudioManager,int,com.unity3d.player.b$b)
com.unity3d.player.b$a: void onChange(boolean,android.net.Uri)
com.unity3d.player.b$a: boolean deliverSelfNotifications()
com.unity3d.player.b$b
com.unity3d.player.b$b: void onAudioVolumeChanged(int)
com.unity3d.player.c
com.unity3d.player.c: com.unity3d.player.e a
com.unity3d.player.c: android.hardware.camera2.CameraManager b
com.unity3d.player.c: java.lang.String[] c
com.unity3d.player.c: android.hardware.camera2.CameraDevice d
com.unity3d.player.c: java.util.concurrent.Semaphore e
com.unity3d.player.c: android.os.HandlerThread f
com.unity3d.player.c: android.os.Handler g
com.unity3d.player.c: android.graphics.Rect h
com.unity3d.player.c: android.graphics.Rect i
com.unity3d.player.c: int j
com.unity3d.player.c: int k
com.unity3d.player.c: float l
com.unity3d.player.c: float m
com.unity3d.player.c: int n
com.unity3d.player.c: int o
com.unity3d.player.c: boolean p
com.unity3d.player.c: android.util.Range q
com.unity3d.player.c: android.media.ImageReader r
com.unity3d.player.c: android.media.Image s
com.unity3d.player.c: android.hardware.camera2.CaptureRequest$Builder t
com.unity3d.player.c: android.hardware.camera2.CameraCaptureSession u
com.unity3d.player.c: java.lang.Object v
com.unity3d.player.c: int w
com.unity3d.player.c: android.graphics.SurfaceTexture x
com.unity3d.player.c: android.view.Surface y
com.unity3d.player.c: int z
com.unity3d.player.c: android.hardware.camera2.CameraCaptureSession$CaptureCallback A
com.unity3d.player.c: android.hardware.camera2.CameraDevice$StateCallback B
com.unity3d.player.c: android.media.ImageReader$OnImageAvailableListener C
com.unity3d.player.c: android.graphics.SurfaceTexture$OnFrameAvailableListener D
com.unity3d.player.c$1
com.unity3d.player.c$1: com.unity3d.player.c a
com.unity3d.player.c$1: c$1(com.unity3d.player.c)
com.unity3d.player.c$1: void onCaptureCompleted(android.hardware.camera2.CameraCaptureSession,android.hardware.camera2.CaptureRequest,android.hardware.camera2.TotalCaptureResult)
com.unity3d.player.c$1: void onCaptureFailed(android.hardware.camera2.CameraCaptureSession,android.hardware.camera2.CaptureRequest,android.hardware.camera2.CaptureFailure)
com.unity3d.player.c$1: void onCaptureSequenceCompleted(android.hardware.camera2.CameraCaptureSession,int,long)
com.unity3d.player.c$1: void onCaptureSequenceAborted(android.hardware.camera2.CameraCaptureSession,int)
com.unity3d.player.c$2
com.unity3d.player.c$2: com.unity3d.player.c a
com.unity3d.player.c$2: c$2(com.unity3d.player.c)
com.unity3d.player.c$2: void onConfigured(android.hardware.camera2.CameraCaptureSession)
com.unity3d.player.c$2: void onConfigureFailed(android.hardware.camera2.CameraCaptureSession)