Library/Bee/Android/Prj/Mono2x/Gradle/launcher/build/outputs/mapping/release/mapping.txt
com.unity3d.player.UnityPlayer$18 -> com.unity3d.player.UnityPlayer$18:
    com.unity3d.player.UnityPlayer a -> a
    void <init>(com.unity3d.player.UnityPlayer) -> <init>
    void run() -> run
com.unity3d.player.UnityPlayer$19 -> com.unity3d.player.UnityPlayer$19:
    com.unity3d.player.UnityPlayer a -> a
    void <init>(com.unity3d.player.UnityPlayer) -> <init>
    void surfaceCreated(android.view.SurfaceHolder) -> surfaceCreated
    void surfaceChanged(android.view.SurfaceHolder,int,int,int) -> surfaceChanged
    void surfaceDestroyed(android.view.SurfaceHolder) -> surfaceDestroyed
com.unity3d.player.UnityPlayer$2 -> com.unity3d.player.UnityPlayer$2:
    com.unity3d.player.UnityPlayer a -> a
    void <init>(com.unity3d.player.UnityPlayer) -> <init>
    void run() -> run
com.unity3d.player.UnityPlayer$20 -> com.unity3d.player.UnityPlayer$20:
    com.unity3d.player.UnityPlayer a -> a
    void <init>(com.unity3d.player.UnityPlayer) -> <init>
    void run() -> run
com.unity3d.player.UnityPlayer$21 -> com.unity3d.player.UnityPlayer$21:
    int a -> a
    android.view.Surface b -> b
    java.util.concurrent.Semaphore c -> c
    com.unity3d.player.UnityPlayer d -> d
    void <init>(com.unity3d.player.UnityPlayer,int,android.view.Surface,java.util.concurrent.Semaphore) -> <init>
    void run() -> run
com.unity3d.player.UnityPlayer$22 -> com.unity3d.player.UnityPlayer$22:
    com.unity3d.player.UnityPlayer a -> a
    void <init>(com.unity3d.player.UnityPlayer) -> <init>
    void run() -> run
com.unity3d.player.UnityPlayer$23 -> com.unity3d.player.UnityPlayer$23:
    java.util.concurrent.Semaphore a -> a
    com.unity3d.player.UnityPlayer b -> b
    void <init>(com.unity3d.player.UnityPlayer,java.util.concurrent.Semaphore) -> <init>
    void run() -> run
com.unity3d.player.UnityPlayer$24 -> com.unity3d.player.UnityPlayer$24:
    java.util.concurrent.Semaphore a -> a
    com.unity3d.player.UnityPlayer b -> b
    void <init>(com.unity3d.player.UnityPlayer,java.util.concurrent.Semaphore) -> <init>
    void run() -> run
com.unity3d.player.UnityPlayer$3 -> com.unity3d.player.UnityPlayer$3:
    com.unity3d.player.UnityPlayer a -> a
    void <init>(com.unity3d.player.UnityPlayer) -> <init>
    void run() -> run
com.unity3d.player.UnityPlayer$3$1 -> com.unity3d.player.UnityPlayer$3$1:
    com.unity3d.player.UnityPlayer$3 a -> a
    void <init>(com.unity3d.player.UnityPlayer$3) -> <init>
    void run() -> run
com.unity3d.player.UnityPlayer$4 -> com.unity3d.player.UnityPlayer$4:
    com.unity3d.player.UnityPlayer a -> a
    java.lang.String b -> b
    int c -> c
    boolean d -> d
    boolean e -> e
    boolean f -> f
    boolean g -> g
    java.lang.String h -> h
    int i -> i
    boolean j -> j
    boolean k -> k
    com.unity3d.player.UnityPlayer l -> l
    void <init>(com.unity3d.player.UnityPlayer,com.unity3d.player.UnityPlayer,java.lang.String,int,boolean,boolean,boolean,boolean,java.lang.String,int,boolean,boolean) -> <init>
    void run() -> run
com.unity3d.player.UnityPlayer$4$1 -> com.unity3d.player.UnityPlayer$4$1:
    com.unity3d.player.UnityPlayer$4 a -> a
    void <init>(com.unity3d.player.UnityPlayer$4) -> <init>
    void onCancel(android.content.DialogInterface) -> onCancel
com.unity3d.player.UnityPlayer$5 -> com.unity3d.player.UnityPlayer$5:
    com.unity3d.player.UnityPlayer a -> a
    void <init>(com.unity3d.player.UnityPlayer) -> <init>
    void run() -> run
com.unity3d.player.UnityPlayer$6 -> com.unity3d.player.UnityPlayer$6:
    java.lang.String a -> a
    com.unity3d.player.UnityPlayer b -> b
    void <init>(com.unity3d.player.UnityPlayer,java.lang.String) -> <init>
    void run() -> run
com.unity3d.player.UnityPlayer$7 -> com.unity3d.player.UnityPlayer$7:
    int a -> a
    com.unity3d.player.UnityPlayer b -> b
    void <init>(com.unity3d.player.UnityPlayer,int) -> <init>
    void run() -> run