Library/Bee/Android/Prj/Mono2x/Gradle/launcher/build/outputs/mapping/release/usage.txt
com.DefaultCompany.NewUnityProject.BuildConfig
com.DefaultCompany.NewUnityProject.R
com.DefaultCompany.NewUnityProject.R$id
com.DefaultCompany.NewUnityProject.R$mipmap
com.DefaultCompany.NewUnityProject.R$string
com.DefaultCompany.NewUnityProject.R$style